<?xml version="1.0" encoding="UTF-8"?>
<testng-results ignored="0" total="1" passed="1" failed="0" skipped="0">
  <reporter-output>
  </reporter-output>
  <suite started-at="2022-03-04T09:43:20 IST" name="Default suite" finished-at="2022-03-04T09:43:20 IST" duration-ms="68">
    <groups>
    </groups>
    <test started-at="2022-03-04T09:43:20 IST" name="Default test" finished-at="2022-03-04T09:43:20 IST" duration-ms="68">
      <class name="practice.LargestElements">
        <test-method signature="LargestElements()[pri:0, instance:practice.LargestElements@bd4dc25]" started-at="2022-03-04T09:43:20 IST" name="LargestElements" finished-at="2022-03-04T09:43:20 IST" duration-ms="12" status="PASS">
          <reporter-output>
          </reporter-output>
        </test-method> <!-- LargestElements -->
      </class> <!-- practice.LargestElements -->
    </test> <!-- Default test -->
  </suite> <!-- Default suite -->
</testng-results>
